<?xml version="1.0" encoding="UTF-8"?>
<!-- Generated by org.testng.reporters.JUnitReportReporter -->
<testsuite hostname="DESKTOP-UVE6BKF" failures="0" tests="1" name="testcases.Tc3Test" time="0.027" errors="0" timestamp="2023-01-04T12:13:20 IST" skipped="0">
  <testcase classname="testcases.Tc3Test" name="m3" time="0.027"/>
  <system-out>
    <![CDATA[TC3 Running]]>
  </system-out>
</testsuite> <!-- testcases.Tc3Test -->
