<?xml version="1.0" encoding="UTF-8"?>
<!-- Generated by org.testng.reporters.JUnitReportReporter -->
<testsuite hostname="DESKTOP-UVE6BKF" failures="0" tests="1" name="testcases.Tc1Tes" time="0.006" errors="0" timestamp="2023-01-04T12:13:20 IST" skipped="0">
  <testcase classname="testcases.Tc1Tes" name="m1" time="0.006"/>
  <system-out>
    <![CDATA[TC 1 running]]>
  </system-out>
</testsuite> <!-- testcases.Tc1Tes -->
